<?xml version="1.0" encoding="UTF-8"?>
<!-- Generated by org.testng.reporters.JUnitXMLReporter -->
<testsuite ignored="0" hostname="Sarah" failures="1" tests="4" name="PetStoreTest" time="15.417" errors="0" timestamp="2025-07-15T18:10:52 IST">
  <testcase classname="api.test.UserTests" name="testPostUser" time="4.162"/>
  <testcase classname="api.test.UserTests" name="testGetUser" time="1.23">
    <failure type="java.lang.AssertionError" message="expected [200] but found [404]">
      <![CDATA[java.lang.AssertionError: expected [200] but found [404]
at api.test.UserTests.testGetUser(UserTests.java:55)
at java.base/java.util.ArrayList.forEach(ArrayList.java:1511)
... Removed 37 stack frames]]>
    </failure>
  </testcase> <!-- testGetUser -->
  <testcase classname="api.test.UserTests" name="testUpdateUser" time="7.389"/>
  <testcase classname="api.test.UserTests" name="testDeleteUser" time="1.164"/>
</testsuite> <!-- PetStoreTest -->
