<?xml version="1.0" encoding="UTF-8"?>
<!-- Generated by org.testng.reporters.JUnitXMLReporter -->
<testsuite ignored="0" hostname="Sarah" failures="0" tests="10" name="Default test" time="15.7" errors="0" timestamp="2025-07-14T15:11:28 IST">
  <testcase classname="api.test.DDTests" name="testPostUser" time="3.133"/>
  <testcase classname="api.test.DDTests" name="testPostUser" time="1.113"/>
  <testcase classname="api.test.DDTests" name="testPostUser" time="1.159"/>
  <testcase classname="api.test.DDTests" name="testPostUser" time="1.161"/>
  <testcase classname="api.test.DDTests" name="testPostUser" time="1.206"/>
  <testcase classname="api.test.DDTests" name="testDeleteUser" time="1.284"/>
  <testcase classname="api.test.DDTests" name="testDeleteUser" time="1.132"/>
  <testcase classname="api.test.DDTests" name="testDeleteUser" time="1.157"/>
  <testcase classname="api.test.DDTests" name="testDeleteUser" time="1.14"/>
  <testcase classname="api.test.DDTests" name="testDeleteUser" time="1.107"/>
</testsuite> <!-- Default test -->
