<?xml version="1.0" encoding="UTF-8"?>
<testng-results ignored="0" total="2" passed="2" failed="0" skipped="0">
  <reporter-output>
  </reporter-output>
  <suite started-at="2025-07-16T23:18:50 IST" name="PetStoreSuite" finished-at="2025-07-16T23:18:58 IST" duration-ms="8011">
    <groups>
    </groups>
    <test started-at="2025-07-16T23:18:50 IST" name="PetStoreTest" finished-at="2025-07-16T23:18:58 IST" duration-ms="8011">
      <class name="api.test.StoreTests">
        <test-method is-config="true" signature="setup()[pri:0, instance:api.test.StoreTests@50b472aa]" started-at="2025-07-16T23:18:50 IST" name="setup" finished-at="2025-07-16T23:18:50 IST" duration-ms="64" status="PASS">
          <reporter-output>
          </reporter-output>
        </test-method> <!-- setup -->
        <test-method signature="testPostStore()[pri:1, instance:api.test.StoreTests@50b472aa]" started-at="2025-07-16T23:18:50 IST" name="testPostStore" finished-at="2025-07-16T23:18:56 IST" duration-ms="6483" status="PASS">
          <reporter-output>
          </reporter-output>
        </test-method> <!-- testPostStore -->
        <test-method signature="testGetStore()[pri:2, instance:api.test.StoreTests@50b472aa]" started-at="2025-07-16T23:18:56 IST" name="testGetStore" finished-at="2025-07-16T23:18:58 IST" duration-ms="1158" status="PASS">
          <reporter-output>
          </reporter-output>
        </test-method> <!-- testGetStore -->
      </class> <!-- api.test.StoreTests -->
    </test> <!-- PetStoreTest -->
  </suite> <!-- PetStoreSuite -->
</testng-results>
