<?xml version="1.0" encoding="UTF-8"?>
<!-- Generated by org.testng.reporters.JUnitXMLReporter -->
<testsuite ignored="0" hostname="Sarah" failures="1" tests="4" name="PetStoreTest" time="14.212" errors="0" timestamp="2025-07-14T18:36:49 IST">
  <testcase classname="api.test.UserTests" name="testPostUser" time="3.197"/>
  <testcase classname="api.test.UserTests" name="testGetUser" time="1.239">
    <failure type="java.lang.AssertionError" message="expected [200] but found [404]">
      <![CDATA[java.lang.AssertionError: expected [200] but found [404]
at api.test.UserTests.testGetUser(UserTests.java:55)
at java.base/java.util.ArrayList.forEach(ArrayList.java:1596)
... Removed 31 stack frames]]>
    </failure>
  </testcase> <!-- testGetUser -->
  <testcase classname="api.test.UserTests" name="testUpdateUser" time="7.346"/>
  <testcase classname="api.test.UserTests" name="testDeleteUser" time="1.165"/>
</testsuite> <!-- PetStoreTest -->
